#-----------------------------------------------------------
# PlanAhead v14.7 (64-bit)
# Build 321239 by xbuild on Fri Sep 27 19:24:36 MDT 2013
# Start of session at: Fri Aug 25 19:20:36 2023
# Process ID: 4649
# Log file: /home/dev/projects/es4/fhdw-vhdl-stack/src/stack/planAhead_run_2/planAhead.log
# Journal file: /home/dev/projects/es4/fhdw-vhdl-stack/src/stack/planAhead_run_2/planAhead.jou
#-----------------------------------------------------------
INFO: [Common 17-78] Attempting to get a license: PlanAhead
INFO: [Common 17-290] Got license for PlanAhead
INFO: [Device 21-36] Loading parts and site information from /home/dev/software/xilinx/installation/14.7/ISE_DS/PlanAhead/data/parts/arch.xml
Parsing RTL primitives file [/home/dev/software/xilinx/installation/14.7/ISE_DS/PlanAhead/data/parts/xilinx/rtl/prims/rtl_prims.xml]
Finished parsing RTL primitives file [/home/dev/software/xilinx/installation/14.7/ISE_DS/PlanAhead/data/parts/xilinx/rtl/prims/rtl_prims.xml]
start_gui
source /home/dev/projects/es4/fhdw-vhdl-stack/src/stack/pa.fromNcd.tcl
# create_project -name stack -dir "/home/dev/projects/es4/fhdw-vhdl-stack/src/stack/planAhead_run_2" -part xc3s500evq100-4
ERROR: [Common 17-53] User Exception: Project already exists on disk, please use '-force' option to overwrite: 
     /home/dev/projects/es4/fhdw-vhdl-stack/src/stack/planAhead_run_2/stack.ppr
     /home/dev/projects/es4/fhdw-vhdl-stack/src/stack/planAhead_run_2/stack.data

    while executing
"create_project -name stack -dir "/home/dev/projects/es4/fhdw-vhdl-stack/src/stack/planAhead_run_2" -part xc3s500evq100-4"
    (file "/home/dev/projects/es4/fhdw-vhdl-stack/src/stack/pa.fromNcd.tcl" line 4)
exit
INFO: [Common 17-206] Exiting PlanAhead at Fri Aug 25 19:20:57 2023...
INFO: [Common 17-83] Releasing license: PlanAhead
