#-----------------------------------------------------------
# PlanAhead v14.7 (64-bit)
# Build 321239 by xbuild on Fri Sep 27 19:24:36 MDT 2013
# Start of session at: Fri Aug 25 20:38:21 2023
# Process ID: 10805
# Log file: /home/dev/projects/es4/fhdw-vhdl-stack/src/stack/planAhead_run_1/planAhead.log
# Journal file: /home/dev/projects/es4/fhdw-vhdl-stack/src/stack/planAhead_run_1/planAhead.jou
#-----------------------------------------------------------
INFO: [Common 17-78] Attempting to get a license: PlanAhead
INFO: [Common 17-290] Got license for PlanAhead
INFO: [Device 21-36] Loading parts and site information from /home/dev/software/xilinx/installation/14.7/ISE_DS/PlanAhead/data/parts/arch.xml
Parsing RTL primitives file [/home/dev/software/xilinx/installation/14.7/ISE_DS/PlanAhead/data/parts/xilinx/rtl/prims/rtl_prims.xml]
Finished parsing RTL primitives file [/home/dev/software/xilinx/installation/14.7/ISE_DS/PlanAhead/data/parts/xilinx/rtl/prims/rtl_prims.xml]
start_gui
source /home/dev/projects/es4/fhdw-vhdl-stack/src/stack/pa.fromNetlist.tcl
# create_project -name stack -dir "/home/dev/projects/es4/fhdw-vhdl-stack/src/stack/planAhead_run_1" -part xc3s500evq100-4
# set_property design_mode GateLvl [get_property srcset [current_run -impl]]
# set_property edif_top_file "/home/dev/projects/es4/fhdw-vhdl-stack/src/stack/stack.ngc" [ get_property srcset [ current_run ] ]
INFO: [Common 17-41] Interrupt caught. Command should exit soon.
INFO: [Common 17-344] 'source' was cancelled
exit
ERROR: [#UNDEF] *** Exception: ui.h.b: Found deleted key in HTclEventBroker. Verify if the classes listed here call cleanup()
HTclEvent: DEBUG_PORT_CONFIG_CHANGE   Classes: ui.views.aR 
HTclEvent: SIGNAL_MODIFY   Classes: ui.views.aR 
HTclEvent: DEBUG_CORE_CONFIG_CHANGE   Classes: ui.views.aR 
HTclEvent: SIGNAL_BUS_MODIFY   Classes: ui.views.aR 
 (See /home/dev/projects/es4/fhdw-vhdl-stack/src/stack/planAhead_pid10805.debug)
ERROR: [Common 17-39] 'stop_gui' failed due to earlier errors.
INFO: [Common 17-206] Exiting PlanAhead at Fri Aug 25 20:38:32 2023...
INFO: [Common 17-83] Releasing license: PlanAhead
